Using pre-set license
Built from '2020.3/staging' branch; Version is '2020.3.0f1 (c7b5465681fb) revision 13088070'; Using compiler version '192528614'; Build Type 'Release'
OS: 'Windows 10 Home; OS build 19043.1348; Version 2009; 64bit' Language: 'es' Physical Memory: 8026 MB
BatchMode: 1, IsHumanControllingUs: 0, StartBugReporterOnCrash: 0, Is64bit: 1, IsPro: 0

 COMMAND LINE ARGUMENTS:
C:\Program Files\Unity\Editor\Unity.exe
-adb2
-batchMode
-noUpm
-name
AssetImportWorker0
-projectPath
C:/Users/bels1/OneDrive/Escritorio/Proyectos de Unity/Asteroids
-logFile
Logs/AssetImportWorker0.log
-srvPort
49703
Successfully changed project path to: C:/Users/bels1/OneDrive/Escritorio/Proyectos de Unity/Asteroids
C:/Users/bels1/OneDrive/Escritorio/Proyectos de Unity/Asteroids
Using Asset Import Pipeline V2.
Refreshing native plugins compatible for Editor in 93.94 ms, found 1 plugins.
Preloading 0 native plugins for Editor in 0.00 ms.
Initialize engine version: 2020.3.0f1 (c7b5465681fb)
[Subsystems] Discovering subsystems at path C:/Program Files/Unity/Editor/Data/Resources/UnitySubsystems
[Subsystems] Discovering subsystems at path C:/Users/bels1/OneDrive/Escritorio/Proyectos de Unity/Asteroids/Assets
GfxDevice: creating device client; threaded=0
Direct3D:
    Version:  Direct3D 11.0 [level 11.1]
    Renderer: Intel(R) UHD Graphics 620 (ID=0x5917)
    Vendor:   
    VRAM:     4013 MB
    Driver:   25.20.100.6446
Initialize mono
Mono path[0] = 'C:/Program Files/Unity/Editor/Data/Managed'
Mono path[1] = 'C:/Program Files/Unity/Editor/Data/MonoBleedingEdge/lib/mono/unityjit'
Mono config path = 'C:/Program Files/Unity/Editor/Data/MonoBleedingEdge/etc'
Using monoOptions --debugger-agent=transport=dt_socket,embedding=1,server=y,suspend=n,address=127.0.0.1:56988
Begin MonoManager ReloadAssembly
Registering precompiled unity dll's ...
Register platform support module: C:/Program Files/Unity/Editor/Data/PlaybackEngines/WindowsStandaloneSupport/UnityEditor.WindowsStandalone.Extensions.dll
Registered in 0.007511 seconds.
Native extension for WindowsStandalone target not found
Refreshing native plugins compatible for Editor in 95.04 ms, found 1 plugins.
Preloading 0 native plugins for Editor in 0.00 ms.
Invoked RoslynAnalysisRunner static constructor.
RoslynAnalysisRunner will not be running.
RoslynAnalysisRunner has terminated.
Mono: successfully reloaded assembly
- Completed reload, in  2.876 seconds
Platform modules already initialized, skipping
Registering precompiled user dll's ...
Registered in 0.002923 seconds.
Begin MonoManager ReloadAssembly
Native extension for WindowsStandalone target not found
Refreshing native plugins compatible for Editor in 85.60 ms, found 1 plugins.
Preloading 0 native plugins for Editor in 0.00 ms.
Invoked RoslynAnalysisRunner static constructor.
RoslynAnalysisRunner will not be running.
RoslynAnalysisRunner has terminated.
Mono: successfully reloaded assembly
- Completed reload, in  2.601 seconds
Platform modules already initialized, skipping
========================================================================
Worker process is ready to serve import requests
Launched and connected shader compiler UnityShaderCompiler.exe after 0.10 seconds
Refreshing native plugins compatible for Editor in 0.64 ms, found 1 plugins.
Preloading 0 native plugins for Editor in 0.00 ms.
Unloading 1811 Unused Serialized files (Serialized files now loaded: 0)
System memory in use before: 84.8 MB.
System memory in use after: 84.8 MB.

Unloading 24 unused Assets to reduce memory usage. Loaded Objects now: 2254.
Total: 4.259400 ms (FindLiveObjects: 0.332900 ms CreateObjectMapping: 0.134000 ms MarkObjects: 3.513700 ms  DeleteObjects: 0.276200 ms)

========================================================================
Received Import Request.
  path: Assets/Scripts/Player.cs
  artifactKey: Guid(c3ffe5377162ced49829143ad70d3b1d) Importer(815301076,1909f56bfc062723c751e8b465ee728b)
Start importing Assets/Scripts/Player.cs using Guid(c3ffe5377162ced49829143ad70d3b1d) Importer(815301076,1909f56bfc062723c751e8b465ee728b)  -> (artifact id: 'f570b7a92c29b9e40af28d605e0a95df') in 0.094711 seconds
  Import took 0.102229 seconds .

========================================================================
Received Import Request.
  Time since last request: 850.578474 seconds.
  path: Assets/Scripts/Player.cs
  artifactKey: Guid(c3ffe5377162ced49829143ad70d3b1d) Importer(815301076,1909f56bfc062723c751e8b465ee728b)
Start importing Assets/Scripts/Player.cs using Guid(c3ffe5377162ced49829143ad70d3b1d) Importer(815301076,1909f56bfc062723c751e8b465ee728b)  -> (artifact id: '6f35d79e01489beae5e62275f551fe65') in 0.009326 seconds
  Import took 0.018686 seconds .

========================================================================
Received Import Request.
  Time since last request: 47.259793 seconds.
  path: Assets/Scripts/Player.cs
  artifactKey: Guid(c3ffe5377162ced49829143ad70d3b1d) Importer(815301076,1909f56bfc062723c751e8b465ee728b)
Start importing Assets/Scripts/Player.cs using Guid(c3ffe5377162ced49829143ad70d3b1d) Importer(815301076,1909f56bfc062723c751e8b465ee728b)  -> (artifact id: 'a0c08b9bd5171551c92f63320862dab7') in 0.012088 seconds
  Import took 0.022103 seconds .

========================================================================
Received Import Request.
  Time since last request: 132.223495 seconds.
  path: Assets/Scripts/Player.cs
  artifactKey: Guid(c3ffe5377162ced49829143ad70d3b1d) Importer(815301076,1909f56bfc062723c751e8b465ee728b)
Start importing Assets/Scripts/Player.cs using Guid(c3ffe5377162ced49829143ad70d3b1d) Importer(815301076,1909f56bfc062723c751e8b465ee728b)  -> (artifact id: 'b5d9c1142e8290ded0d5c8992360f4f3') in 0.014195 seconds
  Import took 0.023966 seconds .

AssetImportWorkerClient::OnTransportError - code=2 error=End of file
