Using pre-set license
Built from '2020.3/staging' branch; Version is '2020.3.0f1 (c7b5465681fb) revision 13088070'; Using compiler version '192528614'; Build Type 'Release'
OS: 'Windows 10 Home; OS build 19043.1348; Version 2009; 64bit' Language: 'es' Physical Memory: 8026 MB
BatchMode: 1, IsHumanControllingUs: 0, StartBugReporterOnCrash: 0, Is64bit: 1, IsPro: 0

 COMMAND LINE ARGUMENTS:
C:\Program Files\Unity\Editor\Unity.exe
-adb2
-batchMode
-noUpm
-name
AssetImportWorker0
-projectPath
C:/Users/bels1/OneDrive/Escritorio/Proyectos de Unity/Asteroids
-logFile
Logs/AssetImportWorker0.log
-srvPort
60987
Successfully changed project path to: C:/Users/bels1/OneDrive/Escritorio/Proyectos de Unity/Asteroids
C:/Users/bels1/OneDrive/Escritorio/Proyectos de Unity/Asteroids
Using Asset Import Pipeline V2.
Refreshing native plugins compatible for Editor in 78.61 ms, found 1 plugins.
Preloading 0 native plugins for Editor in 0.00 ms.
Initialize engine version: 2020.3.0f1 (c7b5465681fb)
[Subsystems] Discovering subsystems at path C:/Program Files/Unity/Editor/Data/Resources/UnitySubsystems
[Subsystems] Discovering subsystems at path C:/Users/bels1/OneDrive/Escritorio/Proyectos de Unity/Asteroids/Assets
GfxDevice: creating device client; threaded=0
Direct3D:
    Version:  Direct3D 11.0 [level 11.1]
    Renderer: Intel(R) UHD Graphics 620 (ID=0x5917)
    Vendor:   
    VRAM:     4013 MB
    Driver:   25.20.100.6446
Initialize mono
Mono path[0] = 'C:/Program Files/Unity/Editor/Data/Managed'
Mono path[1] = 'C:/Program Files/Unity/Editor/Data/MonoBleedingEdge/lib/mono/unityjit'
Mono config path = 'C:/Program Files/Unity/Editor/Data/MonoBleedingEdge/etc'
Using monoOptions --debugger-agent=transport=dt_socket,embedding=1,server=y,suspend=n,address=127.0.0.1:56040
Begin MonoManager ReloadAssembly
Registering precompiled unity dll's ...
Register platform support module: C:/Program Files/Unity/Editor/Data/PlaybackEngines/WindowsStandaloneSupport/UnityEditor.WindowsStandalone.Extensions.dll
Registered in 0.005485 seconds.
Native extension for WindowsStandalone target not found
Refreshing native plugins compatible for Editor in 79.04 ms, found 1 plugins.
Preloading 0 native plugins for Editor in 0.00 ms.
Invoked RoslynAnalysisRunner static constructor.
RoslynAnalysisRunner will not be running.
RoslynAnalysisRunner has terminated.
Mono: successfully reloaded assembly
- Completed reload, in  2.467 seconds
Platform modules already initialized, skipping
Registering precompiled user dll's ...
Registered in 0.001738 seconds.
Begin MonoManager ReloadAssembly
Native extension for WindowsStandalone target not found
Refreshing native plugins compatible for Editor in 94.60 ms, found 1 plugins.
Preloading 0 native plugins for Editor in 0.00 ms.
Invoked RoslynAnalysisRunner static constructor.
RoslynAnalysisRunner will not be running.
RoslynAnalysisRunner has terminated.
Mono: successfully reloaded assembly
- Completed reload, in  2.656 seconds
Platform modules already initialized, skipping
========================================================================
Worker process is ready to serve import requests
Launched and connected shader compiler UnityShaderCompiler.exe after 0.10 seconds
Refreshing native plugins compatible for Editor in 0.35 ms, found 1 plugins.
Preloading 0 native plugins for Editor in 0.00 ms.
Unloading 1811 Unused Serialized files (Serialized files now loaded: 0)
System memory in use before: 84.8 MB.
System memory in use after: 84.7 MB.

Unloading 24 unused Assets to reduce memory usage. Loaded Objects now: 2254.
Total: 4.193200 ms (FindLiveObjects: 0.395500 ms CreateObjectMapping: 0.162500 ms MarkObjects: 3.414100 ms  DeleteObjects: 0.219100 ms)

========================================================================
Received Import Request.
  path: Assets/Scripts/Player.cs
  artifactKey: Guid(c3ffe5377162ced49829143ad70d3b1d) Importer(815301076,1909f56bfc062723c751e8b465ee728b)
Start importing Assets/Scripts/Player.cs using Guid(c3ffe5377162ced49829143ad70d3b1d) Importer(815301076,1909f56bfc062723c751e8b465ee728b)  -> (artifact id: 'd2e8fddb7c8ea722864bfc9dc4c9853e') in 0.071767 seconds
  Import took 0.076527 seconds .

========================================================================
Received Prepare
Registering precompiled user dll's ...
Registered in 0.003244 seconds.
Begin MonoManager ReloadAssembly
Native extension for WindowsStandalone target not found
Refreshing native plugins compatible for Editor in 0.44 ms, found 1 plugins.
Preloading 0 native plugins for Editor in 0.00 ms.
Invoked RoslynAnalysisRunner static constructor.
RoslynAnalysisRunner will not be running.
RoslynAnalysisRunner has terminated.
Mono: successfully reloaded assembly
- Completed reload, in  2.442 seconds
Platform modules already initialized, skipping
Refreshing native plugins compatible for Editor in 0.62 ms, found 1 plugins.
Preloading 0 native plugins for Editor in 0.00 ms.
Unloading 1806 Unused Serialized files (Serialized files now loaded: 0)
System memory in use before: 84.8 MB.
System memory in use after: 84.7 MB.

Unloading 12 unused Assets to reduce memory usage. Loaded Objects now: 2258.
Total: 2.812500 ms (FindLiveObjects: 0.232300 ms CreateObjectMapping: 0.176700 ms MarkObjects: 2.260200 ms  DeleteObjects: 0.141300 ms)

========================================================================
Received Prepare
Registering precompiled user dll's ...
Registered in 0.004962 seconds.
Begin MonoManager ReloadAssembly
Native extension for WindowsStandalone target not found
Refreshing native plugins compatible for Editor in 0.46 ms, found 1 plugins.
Preloading 0 native plugins for Editor in 0.00 ms.
Invoked RoslynAnalysisRunner static constructor.
RoslynAnalysisRunner will not be running.
RoslynAnalysisRunner has terminated.
Mono: successfully reloaded assembly
- Completed reload, in  1.843 seconds
Platform modules already initialized, skipping
Refreshing native plugins compatible for Editor in 0.47 ms, found 1 plugins.
Preloading 0 native plugins for Editor in 0.00 ms.
Unloading 1806 Unused Serialized files (Serialized files now loaded: 0)
System memory in use before: 84.8 MB.
System memory in use after: 84.8 MB.

Unloading 12 unused Assets to reduce memory usage. Loaded Objects now: 2262.
Total: 3.130800 ms (FindLiveObjects: 0.207200 ms CreateObjectMapping: 0.084100 ms MarkObjects: 2.690600 ms  DeleteObjects: 0.147000 ms)

========================================================================
Received Prepare
Registering precompiled user dll's ...
Registered in 0.267302 seconds.
Begin MonoManager ReloadAssembly
Native extension for WindowsStandalone target not found
Refreshing native plugins compatible for Editor in 0.88 ms, found 1 plugins.
Preloading 0 native plugins for Editor in 0.00 ms.
Invoked RoslynAnalysisRunner static constructor.
RoslynAnalysisRunner will not be running.
RoslynAnalysisRunner has terminated.
Mono: successfully reloaded assembly
- Completed reload, in 13.818 seconds
Platform modules already initialized, skipping
Refreshing native plugins compatible for Editor in 0.78 ms, found 1 plugins.
Preloading 0 native plugins for Editor in 0.00 ms.
Unloading 1806 Unused Serialized files (Serialized files now loaded: 0)
System memory in use before: 84.8 MB.
System memory in use after: 84.8 MB.

Unloading 12 unused Assets to reduce memory usage. Loaded Objects now: 2266.
Total: 3.298600 ms (FindLiveObjects: 0.270600 ms CreateObjectMapping: 0.133100 ms MarkObjects: 2.742800 ms  DeleteObjects: 0.149900 ms)

========================================================================
Received Prepare
Registering precompiled user dll's ...
Registered in 0.001762 seconds.
Begin MonoManager ReloadAssembly
Native extension for WindowsStandalone target not found
Refreshing native plugins compatible for Editor in 0.62 ms, found 1 plugins.
Preloading 0 native plugins for Editor in 0.00 ms.
Invoked RoslynAnalysisRunner static constructor.
RoslynAnalysisRunner will not be running.
RoslynAnalysisRunner has terminated.
Mono: successfully reloaded assembly
- Completed reload, in  2.076 seconds
Platform modules already initialized, skipping
Refreshing native plugins compatible for Editor in 0.47 ms, found 1 plugins.
Preloading 0 native plugins for Editor in 0.00 ms.
Unloading 1806 Unused Serialized files (Serialized files now loaded: 0)
System memory in use before: 84.8 MB.
System memory in use after: 84.8 MB.

Unloading 12 unused Assets to reduce memory usage. Loaded Objects now: 2270.
Total: 4.491100 ms (FindLiveObjects: 0.299400 ms CreateObjectMapping: 0.143100 ms MarkObjects: 3.821200 ms  DeleteObjects: 0.224500 ms)

========================================================================
Received Import Request.
  Time since last request: 1035.816453 seconds.
  path: Assets/Prefabs/Asteroid_s.prefab
  artifactKey: Guid(2d1131f95988ab14f9f2fc80a05ba387) Importer(815301076,1909f56bfc062723c751e8b465ee728b)
Start importing Assets/Prefabs/Asteroid_s.prefab using Guid(2d1131f95988ab14f9f2fc80a05ba387) Importer(815301076,1909f56bfc062723c751e8b465ee728b)  -> (artifact id: '2c4438ec4703c989a9d86cc1d1b0dec5') in 0.257155 seconds
  Import took 0.263719 seconds .

========================================================================
Received Import Request.
  Time since last request: 143.522301 seconds.
  path: Assets/Prefabs/Asteroid_s.prefab
  artifactKey: Guid(2d1131f95988ab14f9f2fc80a05ba387) Importer(815301076,1909f56bfc062723c751e8b465ee728b)
Start importing Assets/Prefabs/Asteroid_s.prefab using Guid(2d1131f95988ab14f9f2fc80a05ba387) Importer(815301076,1909f56bfc062723c751e8b465ee728b)  -> (artifact id: 'f2349f7fb3cdc04dc521dd01a3b6036a') in 0.029074 seconds
  Import took 0.035966 seconds .

========================================================================
Received Import Request.
  Time since last request: 5.526696 seconds.
  path: Assets/Prefabs/Asteroid_s.prefab
  artifactKey: Guid(2d1131f95988ab14f9f2fc80a05ba387) Importer(815301076,1909f56bfc062723c751e8b465ee728b)
Start importing Assets/Prefabs/Asteroid_s.prefab using Guid(2d1131f95988ab14f9f2fc80a05ba387) Importer(815301076,1909f56bfc062723c751e8b465ee728b)  -> (artifact id: 'eb40962d60a9f88d0adb3842f4b60733') in 0.017956 seconds
  Import took 0.024230 seconds .

========================================================================
Received Import Request.
  Time since last request: 3.277753 seconds.
  path: Assets/Prefabs/Asteroid_m.prefab
  artifactKey: Guid(2c2b35dcccfb81c448a61d7df81f1525) Importer(815301076,1909f56bfc062723c751e8b465ee728b)
Start importing Assets/Prefabs/Asteroid_m.prefab using Guid(2c2b35dcccfb81c448a61d7df81f1525) Importer(815301076,1909f56bfc062723c751e8b465ee728b)  -> (artifact id: 'af25cfb9defd3cd7a70a942a0f9a132a') in 0.027866 seconds
  Import took 0.034916 seconds .

========================================================================
Received Import Request.
  Time since last request: 0.007749 seconds.
  path: Assets/Prefabs/Asteroid_m.prefab
  artifactKey: Guid(2c2b35dcccfb81c448a61d7df81f1525) Importer(815301076,1909f56bfc062723c751e8b465ee728b)
Start importing Assets/Prefabs/Asteroid_m.prefab using Guid(2c2b35dcccfb81c448a61d7df81f1525) Importer(815301076,1909f56bfc062723c751e8b465ee728b)  -> (artifact id: 'af25cfb9defd3cd7a70a942a0f9a132a') in 0.016507 seconds
  Import took 0.022320 seconds .

========================================================================
Received Import Request.
  Time since last request: 139.120117 seconds.
  path: Assets/Prefabs/Asteroid.prefab
  artifactKey: Guid(d8a6bddbe8019e340a396c3272ee882a) Importer(815301076,1909f56bfc062723c751e8b465ee728b)
Start importing Assets/Prefabs/Asteroid.prefab using Guid(d8a6bddbe8019e340a396c3272ee882a) Importer(815301076,1909f56bfc062723c751e8b465ee728b)  -> (artifact id: '405e70a550bf04c4f6210c03b65ee92a') in 0.024246 seconds
  Import took 0.028126 seconds .

========================================================================
Received Import Request.
  Time since last request: 0.020012 seconds.
  path: Assets/Prefabs/Asteroid.prefab
  artifactKey: Guid(d8a6bddbe8019e340a396c3272ee882a) Importer(815301076,1909f56bfc062723c751e8b465ee728b)
Start importing Assets/Prefabs/Asteroid.prefab using Guid(d8a6bddbe8019e340a396c3272ee882a) Importer(815301076,1909f56bfc062723c751e8b465ee728b)  -> (artifact id: '405e70a550bf04c4f6210c03b65ee92a') in 0.016415 seconds
  Import took 0.022305 seconds .

========================================================================
Received Import Request.
  Time since last request: 19.474266 seconds.
  path: Assets/Prefabs/Asteroid_m.prefab
  artifactKey: Guid(2c2b35dcccfb81c448a61d7df81f1525) Importer(815301076,1909f56bfc062723c751e8b465ee728b)
Start importing Assets/Prefabs/Asteroid_m.prefab using Guid(2c2b35dcccfb81c448a61d7df81f1525) Importer(815301076,1909f56bfc062723c751e8b465ee728b)  -> (artifact id: '0a66891473653457c8b16277e7bff84d') in 0.016126 seconds
  Import took 0.021176 seconds .

========================================================================
Received Import Request.
  Time since last request: 6.797423 seconds.
  path: Assets/Prefabs/Asteroid_m.prefab
  artifactKey: Guid(2c2b35dcccfb81c448a61d7df81f1525) Importer(815301076,1909f56bfc062723c751e8b465ee728b)
Start importing Assets/Prefabs/Asteroid_m.prefab using Guid(2c2b35dcccfb81c448a61d7df81f1525) Importer(815301076,1909f56bfc062723c751e8b465ee728b)  -> (artifact id: '183cd62fe69491034a5e54394beaa6d9') in 0.012679 seconds
  Import took 0.020001 seconds .

========================================================================
Received Import Request.
  Time since last request: 3.873982 seconds.
  path: Assets/Prefabs/Asteroid_m.prefab
  artifactKey: Guid(2c2b35dcccfb81c448a61d7df81f1525) Importer(815301076,1909f56bfc062723c751e8b465ee728b)
Start importing Assets/Prefabs/Asteroid_m.prefab using Guid(2c2b35dcccfb81c448a61d7df81f1525) Importer(815301076,1909f56bfc062723c751e8b465ee728b)  -> (artifact id: '7d23dfb2be15b4c485fd4bcbed3d2d98') in 0.016841 seconds
  Import took 0.022454 seconds .

========================================================================
Received Import Request.
  Time since last request: 11.808045 seconds.
  path: Assets/Prefabs/Asteroid_s.prefab
  artifactKey: Guid(2d1131f95988ab14f9f2fc80a05ba387) Importer(815301076,1909f56bfc062723c751e8b465ee728b)
Start importing Assets/Prefabs/Asteroid_s.prefab using Guid(2d1131f95988ab14f9f2fc80a05ba387) Importer(815301076,1909f56bfc062723c751e8b465ee728b)  -> (artifact id: 'c1026f2c8e5ac75d5fe19ee1da1a572e') in 0.017384 seconds
  Import took 0.023428 seconds .

========================================================================
Received Import Request.
  Time since last request: 3.996292 seconds.
  path: Assets/Prefabs/Asteroid_s.prefab
  artifactKey: Guid(2d1131f95988ab14f9f2fc80a05ba387) Importer(815301076,1909f56bfc062723c751e8b465ee728b)
Start importing Assets/Prefabs/Asteroid_s.prefab using Guid(2d1131f95988ab14f9f2fc80a05ba387) Importer(815301076,1909f56bfc062723c751e8b465ee728b)  -> (artifact id: '3aafac687dc67cef4062349c2da7e8cf') in 0.021655 seconds
  Import took 0.026755 seconds .

========================================================================
Received Import Request.
  Time since last request: 7.740728 seconds.
  path: Assets/Prefabs/Asteroid_s.prefab
  artifactKey: Guid(2d1131f95988ab14f9f2fc80a05ba387) Importer(815301076,1909f56bfc062723c751e8b465ee728b)
Start importing Assets/Prefabs/Asteroid_s.prefab using Guid(2d1131f95988ab14f9f2fc80a05ba387) Importer(815301076,1909f56bfc062723c751e8b465ee728b)  -> (artifact id: '824fd347c581fc855e87102716b15606') in 0.015852 seconds
  Import took 0.021824 seconds .

========================================================================
Received Prepare
Registering precompiled user dll's ...
Registered in 0.001971 seconds.
Begin MonoManager ReloadAssembly
Native extension for WindowsStandalone target not found
Refreshing native plugins compatible for Editor in 0.35 ms, found 1 plugins.
Preloading 0 native plugins for Editor in 0.00 ms.
Invoked RoslynAnalysisRunner static constructor.
RoslynAnalysisRunner will not be running.
RoslynAnalysisRunner has terminated.
Mono: successfully reloaded assembly
- Completed reload, in  1.159 seconds
Platform modules already initialized, skipping
Refreshing native plugins compatible for Editor in 0.54 ms, found 1 plugins.
Preloading 0 native plugins for Editor in 0.00 ms.
Unloading 1806 Unused Serialized files (Serialized files now loaded: 0)
System memory in use before: 88.0 MB.
System memory in use after: 88.0 MB.

Unloading 12 unused Assets to reduce memory usage. Loaded Objects now: 2281.
Total: 2.405400 ms (FindLiveObjects: 0.201500 ms CreateObjectMapping: 0.082400 ms MarkObjects: 2.009800 ms  DeleteObjects: 0.110400 ms)

========================================================================
Received Import Request.
  Time since last request: 172.511835 seconds.
  path: Assets/Prefabs/Bullet.prefab
  artifactKey: Guid(5c19130694e872e4cb9f3417a5c21bcf) Importer(815301076,1909f56bfc062723c751e8b465ee728b)
Start importing Assets/Prefabs/Bullet.prefab using Guid(5c19130694e872e4cb9f3417a5c21bcf) Importer(815301076,1909f56bfc062723c751e8b465ee728b)  -> (artifact id: '590e05128ea8ee61c94f2ade3602d908') in 0.068375 seconds
  Import took 0.074678 seconds .

========================================================================
Received Prepare
Registering precompiled user dll's ...
Registered in 0.001376 seconds.
Begin MonoManager ReloadAssembly
Native extension for WindowsStandalone target not found
Refreshing native plugins compatible for Editor in 0.38 ms, found 1 plugins.
Preloading 0 native plugins for Editor in 0.00 ms.
Invoked RoslynAnalysisRunner static constructor.
RoslynAnalysisRunner will not be running.
RoslynAnalysisRunner has terminated.
Mono: successfully reloaded assembly
- Completed reload, in  1.099 seconds
Platform modules already initialized, skipping
Refreshing native plugins compatible for Editor in 0.57 ms, found 1 plugins.
Preloading 0 native plugins for Editor in 0.00 ms.
Unloading 1806 Unused Serialized files (Serialized files now loaded: 0)
System memory in use before: 88.0 MB.
System memory in use after: 88.0 MB.

Unloading 12 unused Assets to reduce memory usage. Loaded Objects now: 2286.
Total: 2.979300 ms (FindLiveObjects: 0.271700 ms CreateObjectMapping: 0.098700 ms MarkObjects: 2.464800 ms  DeleteObjects: 0.142600 ms)

========================================================================
Received Prepare
Registering precompiled user dll's ...
Registered in 0.001568 seconds.
Begin MonoManager ReloadAssembly
Native extension for WindowsStandalone target not found
Refreshing native plugins compatible for Editor in 0.40 ms, found 1 plugins.
Preloading 0 native plugins for Editor in 0.00 ms.
Invoked RoslynAnalysisRunner static constructor.
RoslynAnalysisRunner will not be running.
RoslynAnalysisRunner has terminated.
Mono: successfully reloaded assembly
- Completed reload, in  1.106 seconds
Platform modules already initialized, skipping
Refreshing native plugins compatible for Editor in 0.56 ms, found 1 plugins.
Preloading 0 native plugins for Editor in 0.00 ms.
Unloading 1806 Unused Serialized files (Serialized files now loaded: 0)
System memory in use before: 88.0 MB.
System memory in use after: 88.0 MB.

Unloading 12 unused Assets to reduce memory usage. Loaded Objects now: 2290.
Total: 2.335700 ms (FindLiveObjects: 0.203100 ms CreateObjectMapping: 0.073400 ms MarkObjects: 1.938400 ms  DeleteObjects: 0.119200 ms)

========================================================================
Received Prepare
Registering precompiled user dll's ...
Registered in 0.002080 seconds.
Begin MonoManager ReloadAssembly
Native extension for WindowsStandalone target not found
Refreshing native plugins compatible for Editor in 0.59 ms, found 1 plugins.
Preloading 0 native plugins for Editor in 0.00 ms.
Invoked RoslynAnalysisRunner static constructor.
RoslynAnalysisRunner will not be running.
RoslynAnalysisRunner has terminated.
Mono: successfully reloaded assembly
- Completed reload, in  2.162 seconds
Platform modules already initialized, skipping
Refreshing native plugins compatible for Editor in 0.43 ms, found 1 plugins.
Preloading 0 native plugins for Editor in 0.00 ms.
Unloading 1806 Unused Serialized files (Serialized files now loaded: 0)
System memory in use before: 88.0 MB.
System memory in use after: 88.0 MB.

Unloading 12 unused Assets to reduce memory usage. Loaded Objects now: 2294.
Total: 4.551200 ms (FindLiveObjects: 1.336100 ms CreateObjectMapping: 0.160900 ms MarkObjects: 2.842800 ms  DeleteObjects: 0.209600 ms)

========================================================================
Received Prepare
Registering precompiled user dll's ...
Registered in 0.001701 seconds.
Begin MonoManager ReloadAssembly
Native extension for WindowsStandalone target not found
Refreshing native plugins compatible for Editor in 0.36 ms, found 1 plugins.
Preloading 0 native plugins for Editor in 0.00 ms.
Invoked RoslynAnalysisRunner static constructor.
RoslynAnalysisRunner will not be running.
RoslynAnalysisRunner has terminated.
Mono: successfully reloaded assembly
- Completed reload, in  1.227 seconds
Platform modules already initialized, skipping
Refreshing native plugins compatible for Editor in 0.35 ms, found 1 plugins.
Preloading 0 native plugins for Editor in 0.00 ms.
Unloading 1806 Unused Serialized files (Serialized files now loaded: 0)
System memory in use before: 88.0 MB.
System memory in use after: 88.0 MB.

Unloading 12 unused Assets to reduce memory usage. Loaded Objects now: 2298.
Total: 2.434100 ms (FindLiveObjects: 0.287900 ms CreateObjectMapping: 0.210000 ms MarkObjects: 1.813000 ms  DeleteObjects: 0.122000 ms)

========================================================================
Received Prepare
Registering precompiled user dll's ...
Registered in 0.001966 seconds.
Begin MonoManager ReloadAssembly
Native extension for WindowsStandalone target not found
Refreshing native plugins compatible for Editor in 0.46 ms, found 1 plugins.
Preloading 0 native plugins for Editor in 0.00 ms.
Invoked RoslynAnalysisRunner static constructor.
RoslynAnalysisRunner will not be running.
RoslynAnalysisRunner has terminated.
Mono: successfully reloaded assembly
- Completed reload, in  1.321 seconds
Platform modules already initialized, skipping
Refreshing native plugins compatible for Editor in 0.36 ms, found 1 plugins.
Preloading 0 native plugins for Editor in 0.00 ms.
Unloading 1806 Unused Serialized files (Serialized files now loaded: 0)
System memory in use before: 88.0 MB.
System memory in use after: 88.0 MB.

Unloading 12 unused Assets to reduce memory usage. Loaded Objects now: 2302.
Total: 3.131100 ms (FindLiveObjects: 0.203100 ms CreateObjectMapping: 0.078700 ms MarkObjects: 2.590000 ms  DeleteObjects: 0.258100 ms)

========================================================================
Received Import Request.
  Time since last request: 100.752195 seconds.
  path: Assets/Prefabs/Asteroid_m.prefab
  artifactKey: Guid(2c2b35dcccfb81c448a61d7df81f1525) Importer(815301076,1909f56bfc062723c751e8b465ee728b)
Start importing Assets/Prefabs/Asteroid_m.prefab using Guid(2c2b35dcccfb81c448a61d7df81f1525) Importer(815301076,1909f56bfc062723c751e8b465ee728b)  -> (artifact id: 'f7b993ab82eb35f8f0f04d689393da55') in 0.086369 seconds
  Import took 0.090836 seconds .

========================================================================
Received Prepare
Registering precompiled user dll's ...
Registered in 0.002906 seconds.
Begin MonoManager ReloadAssembly
Native extension for WindowsStandalone target not found
Refreshing native plugins compatible for Editor in 0.35 ms, found 1 plugins.
Preloading 0 native plugins for Editor in 0.00 ms.
Invoked RoslynAnalysisRunner static constructor.
RoslynAnalysisRunner will not be running.
RoslynAnalysisRunner has terminated.
Mono: successfully reloaded assembly
- Completed reload, in  1.123 seconds
Platform modules already initialized, skipping
Refreshing native plugins compatible for Editor in 0.36 ms, found 1 plugins.
Preloading 0 native plugins for Editor in 0.00 ms.
Unloading 1806 Unused Serialized files (Serialized files now loaded: 0)
System memory in use before: 88.0 MB.
System memory in use after: 88.0 MB.

Unloading 12 unused Assets to reduce memory usage. Loaded Objects now: 2307.
Total: 2.597100 ms (FindLiveObjects: 0.183000 ms CreateObjectMapping: 0.067700 ms MarkObjects: 2.231100 ms  DeleteObjects: 0.114000 ms)

========================================================================
Received Import Request.
  Time since last request: 69.517423 seconds.
  path: Assets/Prefabs/Asteroid_s.prefab
  artifactKey: Guid(2d1131f95988ab14f9f2fc80a05ba387) Importer(815301076,1909f56bfc062723c751e8b465ee728b)
Start importing Assets/Prefabs/Asteroid_s.prefab using Guid(2d1131f95988ab14f9f2fc80a05ba387) Importer(815301076,1909f56bfc062723c751e8b465ee728b)  -> (artifact id: '87226249ccbfb46db17b79fd8a6e59d6') in 0.066566 seconds
  Import took 0.070882 seconds .

========================================================================
Received Import Request.
  Time since last request: 2.961610 seconds.
  path: Assets/Prefabs/Asteroid_s.prefab
  artifactKey: Guid(2d1131f95988ab14f9f2fc80a05ba387) Importer(815301076,1909f56bfc062723c751e8b465ee728b)
Start importing Assets/Prefabs/Asteroid_s.prefab using Guid(2d1131f95988ab14f9f2fc80a05ba387) Importer(815301076,1909f56bfc062723c751e8b465ee728b)  -> (artifact id: '8ff657ab046c1d5bcffe2e2077b9296e') in 0.019296 seconds
  Import took 0.024912 seconds .

========================================================================
Received Prepare
Registering precompiled user dll's ...
Registered in 0.001987 seconds.
Begin MonoManager ReloadAssembly
Native extension for WindowsStandalone target not found
Refreshing native plugins compatible for Editor in 0.37 ms, found 1 plugins.
Preloading 0 native plugins for Editor in 0.00 ms.
Invoked RoslynAnalysisRunner static constructor.
RoslynAnalysisRunner will not be running.
RoslynAnalysisRunner has terminated.
Mono: successfully reloaded assembly
- Completed reload, in  1.089 seconds
Platform modules already initialized, skipping
Refreshing native plugins compatible for Editor in 0.35 ms, found 1 plugins.
Preloading 0 native plugins for Editor in 0.00 ms.
Unloading 1806 Unused Serialized files (Serialized files now loaded: 0)
System memory in use before: 88.0 MB.
System memory in use after: 88.0 MB.

Unloading 12 unused Assets to reduce memory usage. Loaded Objects now: 2312.
Total: 3.113900 ms (FindLiveObjects: 0.283300 ms CreateObjectMapping: 0.151300 ms MarkObjects: 2.494500 ms  DeleteObjects: 0.183400 ms)

========================================================================
Received Prepare
Registering precompiled user dll's ...
Registered in 0.001406 seconds.
Begin MonoManager ReloadAssembly
Native extension for WindowsStandalone target not found
Refreshing native plugins compatible for Editor in 0.39 ms, found 1 plugins.
Preloading 0 native plugins for Editor in 0.00 ms.
Invoked RoslynAnalysisRunner static constructor.
RoslynAnalysisRunner will not be running.
RoslynAnalysisRunner has terminated.
Mono: successfully reloaded assembly
- Completed reload, in  1.111 seconds
Platform modules already initialized, skipping
Refreshing native plugins compatible for Editor in 0.59 ms, found 1 plugins.
Preloading 0 native plugins for Editor in 0.00 ms.
Unloading 1806 Unused Serialized files (Serialized files now loaded: 0)
System memory in use before: 88.0 MB.
System memory in use after: 88.0 MB.

Unloading 12 unused Assets to reduce memory usage. Loaded Objects now: 2316.
Total: 2.272000 ms (FindLiveObjects: 0.201000 ms CreateObjectMapping: 0.074200 ms MarkObjects: 1.875200 ms  DeleteObjects: 0.120300 ms)

========================================================================
Received Prepare
Registering precompiled user dll's ...
Registered in 0.001406 seconds.
Begin MonoManager ReloadAssembly
Native extension for WindowsStandalone target not found
Refreshing native plugins compatible for Editor in 0.74 ms, found 1 plugins.
Preloading 0 native plugins for Editor in 0.00 ms.
Invoked RoslynAnalysisRunner static constructor.
RoslynAnalysisRunner will not be running.
RoslynAnalysisRunner has terminated.
Mono: successfully reloaded assembly
- Completed reload, in  1.076 seconds
Platform modules already initialized, skipping
Refreshing native plugins compatible for Editor in 0.36 ms, found 1 plugins.
Preloading 0 native plugins for Editor in 0.00 ms.
Unloading 1806 Unused Serialized files (Serialized files now loaded: 0)
System memory in use before: 88.1 MB.
System memory in use after: 88.0 MB.

Unloading 12 unused Assets to reduce memory usage. Loaded Objects now: 2320.
Total: 2.202500 ms (FindLiveObjects: 0.190700 ms CreateObjectMapping: 0.069800 ms MarkObjects: 1.824700 ms  DeleteObjects: 0.116300 ms)

========================================================================
Received Prepare
Registering precompiled user dll's ...
Registered in 0.001395 seconds.
Begin MonoManager ReloadAssembly
Native extension for WindowsStandalone target not found
Refreshing native plugins compatible for Editor in 0.36 ms, found 1 plugins.
Preloading 0 native plugins for Editor in 0.00 ms.
Invoked RoslynAnalysisRunner static constructor.
RoslynAnalysisRunner will not be running.
RoslynAnalysisRunner has terminated.
Mono: successfully reloaded assembly
- Completed reload, in  1.078 seconds
Platform modules already initialized, skipping
Refreshing native plugins compatible for Editor in 0.36 ms, found 1 plugins.
Preloading 0 native plugins for Editor in 0.00 ms.
Unloading 1806 Unused Serialized files (Serialized files now loaded: 0)
System memory in use before: 88.1 MB.
System memory in use after: 88.1 MB.

Unloading 12 unused Assets to reduce memory usage. Loaded Objects now: 2324.
Total: 3.103300 ms (FindLiveObjects: 0.352100 ms CreateObjectMapping: 0.146900 ms MarkObjects: 2.445900 ms  DeleteObjects: 0.157100 ms)

========================================================================
Received Prepare
Registering precompiled user dll's ...
Registered in 0.001384 seconds.
Begin MonoManager ReloadAssembly
Native extension for WindowsStandalone target not found
Refreshing native plugins compatible for Editor in 0.35 ms, found 1 plugins.
Preloading 0 native plugins for Editor in 0.00 ms.
Invoked RoslynAnalysisRunner static constructor.
RoslynAnalysisRunner will not be running.
RoslynAnalysisRunner has terminated.
Mono: successfully reloaded assembly
- Completed reload, in  1.162 seconds
Platform modules already initialized, skipping
Refreshing native plugins compatible for Editor in 0.43 ms, found 1 plugins.
Preloading 0 native plugins for Editor in 0.00 ms.
Unloading 1806 Unused Serialized files (Serialized files now loaded: 0)
System memory in use before: 88.1 MB.
System memory in use after: 88.1 MB.

Unloading 12 unused Assets to reduce memory usage. Loaded Objects now: 2328.
Total: 3.287900 ms (FindLiveObjects: 0.208200 ms CreateObjectMapping: 0.115700 ms MarkObjects: 2.647400 ms  DeleteObjects: 0.315500 ms)

========================================================================
Received Prepare
Registering precompiled user dll's ...
Registered in 0.001634 seconds.
Begin MonoManager ReloadAssembly
Native extension for WindowsStandalone target not found
Refreshing native plugins compatible for Editor in 0.36 ms, found 1 plugins.
Preloading 0 native plugins for Editor in 0.00 ms.
Invoked RoslynAnalysisRunner static constructor.
RoslynAnalysisRunner will not be running.
RoslynAnalysisRunner has terminated.
Mono: successfully reloaded assembly
- Completed reload, in  1.427 seconds
Platform modules already initialized, skipping
Refreshing native plugins compatible for Editor in 0.36 ms, found 1 plugins.
Preloading 0 native plugins for Editor in 0.00 ms.
Unloading 1807 Unused Serialized files (Serialized files now loaded: 0)
System memory in use before: 88.1 MB.
System memory in use after: 88.1 MB.

Unloading 12 unused Assets to reduce memory usage. Loaded Objects now: 2333.
Total: 2.461200 ms (FindLiveObjects: 0.296800 ms CreateObjectMapping: 0.112400 ms MarkObjects: 1.929400 ms  DeleteObjects: 0.120900 ms)

========================================================================
Received Import Request.
  Time since last request: 467.249532 seconds.
  path: Assets/Scripts/NewBehaviourScript.cs
  artifactKey: Guid(0b119d3a31d7e3f418b1f54fdeff1d09) Importer(815301076,1909f56bfc062723c751e8b465ee728b)
Start importing Assets/Scripts/NewBehaviourScript.cs using Guid(0b119d3a31d7e3f418b1f54fdeff1d09) Importer(815301076,1909f56bfc062723c751e8b465ee728b)  -> (artifact id: '43c0b588414e88bab14e9da12a97438c') in 0.061537 seconds
  Import took 0.068013 seconds .

========================================================================
Received Import Request.
  Time since last request: 20.234573 seconds.
  path: Assets/Scripts/AsteroidSpawner.cs
  artifactKey: Guid(0b119d3a31d7e3f418b1f54fdeff1d09) Importer(815301076,1909f56bfc062723c751e8b465ee728b)
Start importing Assets/Scripts/AsteroidSpawner.cs using Guid(0b119d3a31d7e3f418b1f54fdeff1d09) Importer(815301076,1909f56bfc062723c751e8b465ee728b)  -> (artifact id: 'ec8aaf47068d689824f37c00614a01c4') in 0.016017 seconds
  Import took 0.027006 seconds .

========================================================================
Received Prepare
Registering precompiled user dll's ...
Registered in 0.002461 seconds.
Begin MonoManager ReloadAssembly
Native extension for WindowsStandalone target not found
Refreshing native plugins compatible for Editor in 0.35 ms, found 1 plugins.
Preloading 0 native plugins for Editor in 0.00 ms.
Invoked RoslynAnalysisRunner static constructor.
RoslynAnalysisRunner will not be running.
RoslynAnalysisRunner has terminated.
Mono: successfully reloaded assembly
- Completed reload, in  1.245 seconds
Platform modules already initialized, skipping
Refreshing native plugins compatible for Editor in 0.35 ms, found 1 plugins.
Preloading 0 native plugins for Editor in 0.00 ms.
Unloading 1807 Unused Serialized files (Serialized files now loaded: 0)
System memory in use before: 88.1 MB.
System memory in use after: 88.1 MB.

Unloading 12 unused Assets to reduce memory usage. Loaded Objects now: 2337.
Total: 2.162400 ms (FindLiveObjects: 0.190500 ms CreateObjectMapping: 0.062300 ms MarkObjects: 1.795500 ms  DeleteObjects: 0.112700 ms)

========================================================================
Received Prepare
Registering precompiled user dll's ...
Registered in 0.002147 seconds.
Begin MonoManager ReloadAssembly
Native extension for WindowsStandalone target not found
Refreshing native plugins compatible for Editor in 0.35 ms, found 1 plugins.
Preloading 0 native plugins for Editor in 0.00 ms.
Invoked RoslynAnalysisRunner static constructor.
RoslynAnalysisRunner will not be running.
RoslynAnalysisRunner has terminated.
Mono: successfully reloaded assembly
- Completed reload, in  0.960 seconds
Platform modules already initialized, skipping
Refreshing native plugins compatible for Editor in 0.34 ms, found 1 plugins.
Preloading 0 native plugins for Editor in 0.00 ms.
Unloading 1807 Unused Serialized files (Serialized files now loaded: 0)
System memory in use before: 88.1 MB.
System memory in use after: 88.1 MB.

Unloading 12 unused Assets to reduce memory usage. Loaded Objects now: 2341.
Total: 2.373100 ms (FindLiveObjects: 0.165800 ms CreateObjectMapping: 0.057300 ms MarkObjects: 2.008800 ms  DeleteObjects: 0.139700 ms)

========================================================================
Received Import Request.
  Time since last request: 21.710524 seconds.
  path: Assets/Scripts/AsteroidSpawner.cs
  artifactKey: Guid(0b119d3a31d7e3f418b1f54fdeff1d09) Importer(815301076,1909f56bfc062723c751e8b465ee728b)
Start importing Assets/Scripts/AsteroidSpawner.cs using Guid(0b119d3a31d7e3f418b1f54fdeff1d09) Importer(815301076,1909f56bfc062723c751e8b465ee728b)  -> (artifact id: '715fc8d8c47a67f8ed6fa15e7ab4df2b') in 0.013871 seconds
  Import took 0.021118 seconds .

========================================================================
Received Import Request.
  Time since last request: 549.370673 seconds.
  path: Assets/Scripts/Spawner.cs
  artifactKey: Guid(0b119d3a31d7e3f418b1f54fdeff1d09) Importer(815301076,1909f56bfc062723c751e8b465ee728b)
Start importing Assets/Scripts/Spawner.cs using Guid(0b119d3a31d7e3f418b1f54fdeff1d09) Importer(815301076,1909f56bfc062723c751e8b465ee728b)  -> (artifact id: '4eb8a1294b24af58598ee51b2885e503') in 0.019564 seconds
  Import took 0.028132 seconds .

========================================================================
Received Prepare
Registering precompiled user dll's ...
Registered in 0.001427 seconds.
Begin MonoManager ReloadAssembly
Native extension for WindowsStandalone target not found
Refreshing native plugins compatible for Editor in 0.39 ms, found 1 plugins.
Preloading 0 native plugins for Editor in 0.00 ms.
Invoked RoslynAnalysisRunner static constructor.
RoslynAnalysisRunner will not be running.
RoslynAnalysisRunner has terminated.
Mono: successfully reloaded assembly
- Completed reload, in  1.496 seconds
Platform modules already initialized, skipping
Refreshing native plugins compatible for Editor in 0.34 ms, found 1 plugins.
Preloading 0 native plugins for Editor in 0.00 ms.
Unloading 1807 Unused Serialized files (Serialized files now loaded: 0)
System memory in use before: 88.1 MB.
System memory in use after: 88.1 MB.

Unloading 12 unused Assets to reduce memory usage. Loaded Objects now: 2345.
Total: 2.990800 ms (FindLiveObjects: 0.206900 ms CreateObjectMapping: 0.091600 ms MarkObjects: 2.481900 ms  DeleteObjects: 0.209000 ms)

========================================================================
Received Prepare
Registering precompiled user dll's ...
Registered in 0.001441 seconds.
Begin MonoManager ReloadAssembly
Native extension for WindowsStandalone target not found
Refreshing native plugins compatible for Editor in 0.35 ms, found 1 plugins.
Preloading 0 native plugins for Editor in 0.00 ms.
Invoked RoslynAnalysisRunner static constructor.
RoslynAnalysisRunner will not be running.
RoslynAnalysisRunner has terminated.
Mono: successfully reloaded assembly
- Completed reload, in  1.059 seconds
Platform modules already initialized, skipping
Refreshing native plugins compatible for Editor in 0.40 ms, found 1 plugins.
Preloading 0 native plugins for Editor in 0.00 ms.
Unloading 1807 Unused Serialized files (Serialized files now loaded: 0)
System memory in use before: 88.1 MB.
System memory in use after: 88.1 MB.

Unloading 12 unused Assets to reduce memory usage. Loaded Objects now: 2349.
Total: 2.293300 ms (FindLiveObjects: 0.164200 ms CreateObjectMapping: 0.054500 ms MarkObjects: 1.957700 ms  DeleteObjects: 0.115500 ms)

========================================================================
Received Prepare
Registering precompiled user dll's ...
Registered in 0.001838 seconds.
Begin MonoManager ReloadAssembly
Native extension for WindowsStandalone target not found
Refreshing native plugins compatible for Editor in 0.65 ms, found 1 plugins.
Preloading 0 native plugins for Editor in 0.00 ms.
Invoked RoslynAnalysisRunner static constructor.
RoslynAnalysisRunner will not be running.
RoslynAnalysisRunner has terminated.
Mono: successfully reloaded assembly
- Completed reload, in  1.548 seconds
Platform modules already initialized, skipping
Refreshing native plugins compatible for Editor in 0.39 ms, found 1 plugins.
Preloading 0 native plugins for Editor in 0.00 ms.
Unloading 1807 Unused Serialized files (Serialized files now loaded: 0)
System memory in use before: 88.1 MB.
System memory in use after: 88.1 MB.

Unloading 12 unused Assets to reduce memory usage. Loaded Objects now: 2353.
Total: 3.198000 ms (FindLiveObjects: 0.583100 ms CreateObjectMapping: 0.404800 ms MarkObjects: 2.079400 ms  DeleteObjects: 0.129200 ms)

========================================================================
Received Prepare
Registering precompiled user dll's ...
Registered in 0.001679 seconds.
Begin MonoManager ReloadAssembly
Native extension for WindowsStandalone target not found
Refreshing native plugins compatible for Editor in 0.41 ms, found 1 plugins.
Preloading 0 native plugins for Editor in 0.00 ms.
Invoked RoslynAnalysisRunner static constructor.
RoslynAnalysisRunner will not be running.
RoslynAnalysisRunner has terminated.
Mono: successfully reloaded assembly
- Completed reload, in  1.067 seconds
Platform modules already initialized, skipping
Refreshing native plugins compatible for Editor in 0.37 ms, found 1 plugins.
Preloading 0 native plugins for Editor in 0.00 ms.
Unloading 1807 Unused Serialized files (Serialized files now loaded: 0)
System memory in use before: 88.1 MB.
System memory in use after: 88.1 MB.

Unloading 12 unused Assets to reduce memory usage. Loaded Objects now: 2357.
Total: 3.050900 ms (FindLiveObjects: 0.205900 ms CreateObjectMapping: 0.076700 ms MarkObjects: 2.597900 ms  DeleteObjects: 0.168900 ms)

========================================================================
Received Prepare
Registering precompiled user dll's ...
Registered in 0.001815 seconds.
Begin MonoManager ReloadAssembly
Native extension for WindowsStandalone target not found
Refreshing native plugins compatible for Editor in 0.37 ms, found 1 plugins.
Preloading 0 native plugins for Editor in 0.00 ms.
Invoked RoslynAnalysisRunner static constructor.
RoslynAnalysisRunner will not be running.
RoslynAnalysisRunner has terminated.
Mono: successfully reloaded assembly
- Completed reload, in  1.005 seconds
Platform modules already initialized, skipping
Refreshing native plugins compatible for Editor in 0.58 ms, found 1 plugins.
Preloading 0 native plugins for Editor in 0.00 ms.
Unloading 1807 Unused Serialized files (Serialized files now loaded: 0)
System memory in use before: 88.2 MB.
System memory in use after: 88.1 MB.

Unloading 12 unused Assets to reduce memory usage. Loaded Objects now: 2361.
Total: 3.161900 ms (FindLiveObjects: 0.216800 ms CreateObjectMapping: 0.147300 ms MarkObjects: 2.631600 ms  DeleteObjects: 0.164800 ms)

========================================================================
Received Prepare
Registering precompiled user dll's ...
Registered in 0.001547 seconds.
Begin MonoManager ReloadAssembly
Native extension for WindowsStandalone target not found
Refreshing native plugins compatible for Editor in 0.37 ms, found 1 plugins.
Preloading 0 native plugins for Editor in 0.00 ms.
Invoked RoslynAnalysisRunner static constructor.
RoslynAnalysisRunner will not be running.
RoslynAnalysisRunner has terminated.
Mono: successfully reloaded assembly
- Completed reload, in  1.031 seconds
Platform modules already initialized, skipping
Refreshing native plugins compatible for Editor in 0.63 ms, found 1 plugins.
Preloading 0 native plugins for Editor in 0.00 ms.
Unloading 1807 Unused Serialized files (Serialized files now loaded: 0)
System memory in use before: 88.2 MB.
System memory in use after: 88.2 MB.

Unloading 12 unused Assets to reduce memory usage. Loaded Objects now: 2365.
Total: 6.374300 ms (FindLiveObjects: 0.523800 ms CreateObjectMapping: 0.230400 ms MarkObjects: 5.307800 ms  DeleteObjects: 0.309500 ms)

========================================================================
Received Prepare
Registering precompiled user dll's ...
Registered in 0.001711 seconds.
Begin MonoManager ReloadAssembly
Native extension for WindowsStandalone target not found
Refreshing native plugins compatible for Editor in 0.36 ms, found 1 plugins.
Preloading 0 native plugins for Editor in 0.00 ms.
Invoked RoslynAnalysisRunner static constructor.
RoslynAnalysisRunner will not be running.
RoslynAnalysisRunner has terminated.
Mono: successfully reloaded assembly
- Completed reload, in  1.004 seconds
Platform modules already initialized, skipping
Refreshing native plugins compatible for Editor in 0.49 ms, found 1 plugins.
Preloading 0 native plugins for Editor in 0.00 ms.
Unloading 1807 Unused Serialized files (Serialized files now loaded: 0)
System memory in use before: 88.2 MB.
System memory in use after: 88.2 MB.

Unloading 12 unused Assets to reduce memory usage. Loaded Objects now: 2369.
Total: 2.851600 ms (FindLiveObjects: 0.342400 ms CreateObjectMapping: 0.144800 ms MarkObjects: 2.229500 ms  DeleteObjects: 0.133300 ms)

========================================================================
Received Prepare
Registering precompiled user dll's ...
Registered in 0.002277 seconds.
Begin MonoManager ReloadAssembly
Native extension for WindowsStandalone target not found
Refreshing native plugins compatible for Editor in 0.36 ms, found 1 plugins.
Preloading 0 native plugins for Editor in 0.00 ms.
Invoked RoslynAnalysisRunner static constructor.
RoslynAnalysisRunner will not be running.
RoslynAnalysisRunner has terminated.
Mono: successfully reloaded assembly
- Completed reload, in  1.055 seconds
Platform modules already initialized, skipping
Refreshing native plugins compatible for Editor in 0.39 ms, found 1 plugins.
Preloading 0 native plugins for Editor in 0.00 ms.
Unloading 1807 Unused Serialized files (Serialized files now loaded: 0)
System memory in use before: 88.2 MB.
System memory in use after: 88.2 MB.

Unloading 12 unused Assets to reduce memory usage. Loaded Objects now: 2373.
Total: 3.047400 ms (FindLiveObjects: 0.219900 ms CreateObjectMapping: 0.086600 ms MarkObjects: 2.580300 ms  DeleteObjects: 0.158900 ms)

========================================================================
Received Prepare
Registering precompiled user dll's ...
Registered in 0.001512 seconds.
Begin MonoManager ReloadAssembly
Native extension for WindowsStandalone target not found
Refreshing native plugins compatible for Editor in 0.64 ms, found 1 plugins.
Preloading 0 native plugins for Editor in 0.00 ms.
Invoked RoslynAnalysisRunner static constructor.
RoslynAnalysisRunner will not be running.
RoslynAnalysisRunner has terminated.
Mono: successfully reloaded assembly
- Completed reload, in  1.998 seconds
Platform modules already initialized, skipping
Refreshing native plugins compatible for Editor in 0.64 ms, found 1 plugins.
Preloading 0 native plugins for Editor in 0.00 ms.
Unloading 1807 Unused Serialized files (Serialized files now loaded: 0)
System memory in use before: 88.2 MB.
System memory in use after: 88.2 MB.

Unloading 12 unused Assets to reduce memory usage. Loaded Objects now: 2377.
Total: 4.313600 ms (FindLiveObjects: 0.306300 ms CreateObjectMapping: 0.190200 ms MarkObjects: 3.605000 ms  DeleteObjects: 0.209500 ms)

AssetImportWorkerClient::OnTransportError - code=2 error=End of file
